# JRE version: Java(TM) SE Runtime Environment (8.0_05-b13) (build 1.8.0_05-b13)
# Java VM: Java HotSpot(TM) Client VM (25.5-b02 mixed mode windows-x86 )
Heap:
 def new generation   total 7616K, used 6457K [0x04800000, 0x05040000, 0x09d50000)
  eden space 6784K,  84% used [0x04800000, 0x04d9edc0, 0x04ea0000)
  from space 832K,  84% used [0x04ea0000, 0x04f4f660, 0x04f70000)
  to   space 832K,   0% used [0x04f70000, 0x04f70000, 0x05040000)
 tenured generation   total 16864K, used 12176K [0x09d50000, 0x0adc8000, 0x14800000)
   the space 16864K,  72% used [0x09d50000, 0x0a934150, 0x0a934200, 0x0adc8000)
 Metaspace       used 15423K, capacity 15579K, committed 15616K, reserved 15744K
GC Heap History (10 events):
Event: 2.867 GC heap before
{Heap before GC invocations=37 (full 1):
 def new generation   total 4992K, used 4992K [0x04800000, 0x04d60000, 0x09d50000)
  eden space 4480K, 100% used [0x04800000, 0x04c60000, 0x04c60000)
  from space 512K, 100% used [0x04c60000, 0x04ce0000, 0x04ce0000)
  to   space 512K,   0% used [0x04ce0000, 0x04ce0000, 0x04d60000)
 tenured generation   total 10944K, used 10570K [0x09d50000, 0x0a800000, 0x14800000)
   the space 10944K,  96% used [0x09d50000, 0x0a7a29f8, 0x0a7a2a00, 0x0a800000)
 Metaspace       used 13650K, capacity 13724K, committed 13824K, reserved 14720K
Event: 2.888 GC heap after
Heap after GC invocations=38 (full 2):
 def new generation   total 7616K, used 0K [0x04800000, 0x05040000, 0x09d50000)
  eden space 6784K,   0% used [0x04800000, 0x04800000, 0x04ea0000)
  from space 832K,   0% used [0x04ea0000, 0x04ea0000, 0x04f70000)
  to   space 832K,   0% used [0x04f70000, 0x04f70000, 0x05040000)
 tenured generation   total 16864K, used 10117K [0x09d50000, 0x0adc8000, 0x14800000)
   the space 16864K,  59% used [0x09d50000, 0x0a7317b8, 0x0a731800, 0x0adc8000)
 Metaspace       used 13650K, capacity 13724K, committed 13824K, reserved 14720K
}
Event: 3.068 GC heap before
{Heap before GC invocations=38 (full 2):
 def new generation   total 7616K, used 6784K [0x04800000, 0x05040000, 0x09d50000)
  eden space 6784K, 100% used [0x04800000, 0x04ea0000, 0x04ea0000)
  from space 832K,   0% used [0x04ea0000, 0x04ea0000, 0x04f70000)
  to   space 832K,   0% used [0x04f70000, 0x04f70000, 0x05040000)
 tenured generation   total 16864K, used 10117K [0x09d50000, 0x0adc8000, 0x14800000)
   the space 16864K,  59% used [0x09d50000, 0x0a7317b8, 0x0a731800, 0x0adc8000)
 Metaspace       used 13989K, capacity 14076K, committed 14208K, reserved 14720K
Event: 3.072 GC heap after
Heap after GC invocations=39 (full 2):
 def new generation   total 7616K, used 291K [0x04800000, 0x05040000, 0x09d50000)
  eden space 6784K,   0% used [0x04800000, 0x04800000, 0x04ea0000)
  from space 832K,  35% used [0x04f70000, 0x04fb8fb8, 0x05040000)
  to   space 832K,   0% used [0x04ea0000, 0x04ea0000, 0x04f70000)
 tenured generation   total 16864K, used 11141K [0x09d50000, 0x0adc8000, 0x14800000)
   the space 16864K,  66% used [0x09d50000, 0x0a8317c8, 0x0a831800, 0x0adc8000)
 Metaspace       used 13989K, capacity 14076K, committed 14208K, reserved 14720K
}
Event: 3.153 GC heap before
{Heap before GC invocations=39 (full 2):
 def new generation   total 7616K, used 7075K [0x04800000, 0x05040000, 0x09d50000)
  eden space 6784K, 100% used [0x04800000, 0x04ea0000, 0x04ea0000)
  from space 832K,  35% used [0x04f70000, 0x04fb8fb8, 0x05040000)
  to   space 832K,   0% used [0x04ea0000, 0x04ea0000, 0x04f70000)
 tenured generation   total 16864K, used 11141K [0x09d50000, 0x0adc8000, 0x14800000)
   the space 16864K,  66% used [0x09d50000, 0x0a8317c8, 0x0a831800, 0x0adc8000)
 Metaspace       used 14098K, capacity 14172K, committed 14208K, reserved 14720K
Event: 3.156 GC heap after
Heap after GC invocations=40 (full 2):
 def new generation   total 7616K, used 503K [0x04800000, 0x05040000, 0x09d50000)
  eden space 6784K,   0% used [0x04800000, 0x04800000, 0x04ea0000)
  from space 832K,  60% used [0x04ea0000, 0x04f1df08, 0x04f70000)
  to   space 832K,   0% used [0x04f70000, 0x04f70000, 0x05040000)
 tenured generation   total 16864K, used 11141K [0x09d50000, 0x0adc8000, 0x14800000)
   the space 16864K,  66% used [0x09d50000, 0x0a8317c8, 0x0a831800, 0x0adc8000)
 Metaspace       used 14098K, capacity 14172K, committed 14208K, reserved 14720K
}
Event: 3.276 GC heap before
{Heap before GC invocations=40 (full 2):
 def new generation   total 7616K, used 7287K [0x04800000, 0x05040000, 0x09d50000)
  eden space 6784K, 100% used [0x04800000, 0x04ea0000, 0x04ea0000)
  from space 832K,  60% used [0x04ea0000, 0x04f1df08, 0x04f70000)
  to   space 832K,   0% used [0x04f70000, 0x04f70000, 0x05040000)
 tenured generation   total 16864K, used 11141K [0x09d50000, 0x0adc8000, 0x14800000)
   the space 16864K,  66% used [0x09d50000, 0x0a8317c8, 0x0a831800, 0x0adc8000)
 Metaspace       used 14957K, capacity 15126K, committed 15232K, reserved 15744K
Event: 3.279 GC heap after
Heap after GC invocations=41 (full 2):
 def new generation   total 7616K, used 831K [0x04800000, 0x05040000, 0x09d50000)
  eden space 6784K,   0% used [0x04800000, 0x04800000, 0x04ea0000)
  from space 832K,  99% used [0x04f70000, 0x0503fff8, 0x05040000)
  to   space 832K,   0% used [0x04ea0000, 0x04ea0000, 0x04f70000)
 tenured generation   total 16864K, used 11414K [0x09d50000, 0x0adc8000, 0x14800000)
   the space 16864K,  67% used [0x09d50000, 0x0a875b90, 0x0a875c00, 0x0adc8000)
 Metaspace       used 14957K, capacity 15126K, committed 15232K, reserved 15744K
}
Event: 3.367 GC heap before
{Heap before GC invocations=41 (full 2):
 def new generation   total 7616K, used 7615K [0x04800000, 0x05040000, 0x09d50000)
  eden space 6784K, 100% used [0x04800000, 0x04ea0000, 0x04ea0000)
  from space 832K,  99% used [0x04f70000, 0x0503fff8, 0x05040000)
  to   space 832K,   0% used [0x04ea0000, 0x04ea0000, 0x04f70000)
 tenured generation   total 16864K, used 11414K [0x09d50000, 0x0adc8000, 0x14800000)
   the space 16864K,  67% used [0x09d50000, 0x0a875b90, 0x0a875c00, 0x0adc8000)
 Metaspace       used 15231K, capacity 15385K, committed 15488K, reserved 15744K
Event: 3.370 GC heap after
Heap after GC invocations=42 (full 2):
 def new generation   total 7616K, used 701K [0x04800000, 0x05040000, 0x09d50000)
  eden space 6784K,   0% used [0x04800000, 0x04800000, 0x04ea0000)
  from space 832K,  84% used [0x04ea0000, 0x04f4f660, 0x04f70000)
  to   space 832K,   0% used [0x04f70000, 0x04f70000, 0x05040000)
 tenured generation   total 16864K, used 12176K [0x09d50000, 0x0adc8000, 0x14800000)
   the space 16864K,  72% used [0x09d50000, 0x0a934150, 0x0a934200, 0x0adc8000)
 Metaspace       used 15231K, capacity 15385K, committed 15488K, reserved 15744K
}

